INFO main de.htwg.dog.View.Tui.Tui - 

   | %3s  | %3s  | %3s  | %3s  |                                         | %3s  | %3s  | %3s  | %3s  |   
   | H3P0 | H2P0 | H1P0 | H0P0 |                                         | H0P1 | H1P1 | H2P1 | H3P1 |   
                            |                                               |                            
          ------------------|-----------------------------------------------|------------------          
          |%3s|%3s|%3s|%3s|%3s|%3s|%3s|%3s|%3s|%3s|%3s|%3s|%3s|%3s|%3s|%3s|%3s|%3s|%3s|%3s|%3s|          
          |S44|S45|S46|S47|S0 |S1 |S2 |S3 |S4 |S5 |S6 |S7 |S8 |S9 |S10|S11|S12|S13|S14|S15|S16|          
----------------------------|-----------------------------------------------|--------------------------------
|         |                 |                                               |                 |         |
| %3s  S43|                 |                                               |                 |S17 %3s  |
|         |           |F0P0|F1P0|F2P0|F3P0|                   |F3P1|F2P1|F1P1|F0P1|           |         |
|----------           |%3s |%3s |%3s |%3s |                   |%3s |%3s |%3s |%3s |           ----------|
|         |                                                                                   |         |
| %3s  S42|                                                                                   |S18 %3s  |
|         |                                                                                   |         |
|----------           |%3s |%3s |%3s |%3s |                   |%3s |%3s |%3s |%3s |           ----------|
|         |           |F0P3|F0P3|F0P3|F0P3|                   |F3P2|F2P2|F1P2|F0P2|           |         |
| %3s  S41|                 |                                               |                 |S19 %3s  |
|         |                 |                                               |                 |         |
----------------------------|-----------------------------------------------|----------------------------
          |S40|S39|S38|S37|S36|S35|S34|S33|S32|S31|S30|S29|S28|S27|S26|S25|S24|S23|S22|S21|S20|          
          |%3s|%3s|%3s|%3s|%3s|%3s|%3s|%3s|%3s|%3s|%3s|%3s|%3s|%3s|%3s|%3s|%3s|%3s|%3s|%3s|%3s|          
          ------------------|-----------------------------------------------|------------------          
                            |                                               |                            
   | H3P3 | H2P3 | H1P3 | H0P3 |                                         | H0P2 | H1P2 | H2P2 | H3P2 |   
   | %3s  | %3s  | %3s  | %3s  |                                         | %3s  | %3s  | %3s  | %3s  |   

,[Ljava.lang.Object;@1807e3f6

INFO main de.htwg.dog.View.Tui.Tui - Player: Player 0

INFO main de.htwg.dog.View.Tui.Tui - Karten: [CLUB_A, DIAMOND_7, HEART_2, HEART_5, HEART_9, SPADE_A]

INFO main de.htwg.dog.View.Tui.Tui - Neues Spiel gestartet.


INFO main de.htwg.dog.View.Tui.Tui - Wählen Sie, getrennt mit einem Komma, eine Karte, ein Startfeld und ein Zielfeld (Bsp. "SPADE_4,S1,S5"), 
Karten verwerfen = "v", Neues Spiel = "neu", Spiel beenden = "exit": 
INFO main de.htwg.dog.View.Tui.Tui - 

   | %3s  | %3s  | %3s  | %3s  |                                         | %3s  | %3s  | %3s  | %3s  |   
   | H3P0 | H2P0 | H1P0 | H0P0 |                                         | H0P1 | H1P1 | H2P1 | H3P1 |   
                            |                                               |                            
          ------------------|-----------------------------------------------|------------------          
          |%3s|%3s|%3s|%3s|%3s|%3s|%3s|%3s|%3s|%3s|%3s|%3s|%3s|%3s|%3s|%3s|%3s|%3s|%3s|%3s|%3s|          
          |S44|S45|S46|S47|S0 |S1 |S2 |S3 |S4 |S5 |S6 |S7 |S8 |S9 |S10|S11|S12|S13|S14|S15|S16|          
----------------------------|-----------------------------------------------|--------------------------------
|         |                 |                                               |                 |         |
| %3s  S43|                 |                                               |                 |S17 %3s  |
|         |           |F0P0|F1P0|F2P0|F3P0|                   |F3P1|F2P1|F1P1|F0P1|           |         |
|----------           |%3s |%3s |%3s |%3s |                   |%3s |%3s |%3s |%3s |           ----------|
|         |                                                                                   |         |
| %3s  S42|                                                                                   |S18 %3s  |
|         |                                                                                   |         |
|----------           |%3s |%3s |%3s |%3s |                   |%3s |%3s |%3s |%3s |           ----------|
|         |           |F0P3|F0P3|F0P3|F0P3|                   |F3P2|F2P2|F1P2|F0P2|           |         |
| %3s  S41|                 |                                               |                 |S19 %3s  |
|         |                 |                                               |                 |         |
----------------------------|-----------------------------------------------|----------------------------
          |S40|S39|S38|S37|S36|S35|S34|S33|S32|S31|S30|S29|S28|S27|S26|S25|S24|S23|S22|S21|S20|          
          |%3s|%3s|%3s|%3s|%3s|%3s|%3s|%3s|%3s|%3s|%3s|%3s|%3s|%3s|%3s|%3s|%3s|%3s|%3s|%3s|%3s|          
          ------------------|-----------------------------------------------|------------------          
                            |                                               |                            
   | H3P3 | H2P3 | H1P3 | H0P3 |                                         | H0P2 | H1P2 | H2P2 | H3P2 |   
   | %3s  | %3s  | %3s  | %3s  |                                         | %3s  | %3s  | %3s  | %3s  |   

,[Ljava.lang.Object;@2d0399f4

INFO main de.htwg.dog.View.Tui.Tui - Player: Player 0

INFO main de.htwg.dog.View.Tui.Tui - Karten: [CLUB_3, CLUB_A, DIAMOND_5, DIAMOND_6, HEART_J, SPADE_K]

INFO main de.htwg.dog.View.Tui.Tui - Neues Spiel gestartet.


INFO main de.htwg.dog.View.Tui.Tui - Wählen Sie, getrennt mit einem Komma, eine Karte, ein Startfeld und ein Zielfeld (Bsp. "SPADE_4,S1,S5"), 
Karten verwerfen = "v", Neues Spiel = "neu", Spiel beenden = "exit": 
INFO main de.htwg.dog.View.Tui.Tui - 

   | %3s  | %3s  | %3s  | %3s  |                                         | %3s  | %3s  | %3s  | %3s  |   
   | H3P0 | H2P0 | H1P0 | H0P0 |                                         | H0P1 | H1P1 | H2P1 | H3P1 |   
                            |                                               |                            
          ------------------|-----------------------------------------------|------------------          
          |%3s|%3s|%3s|%3s|%3s|%3s|%3s|%3s|%3s|%3s|%3s|%3s|%3s|%3s|%3s|%3s|%3s|%3s|%3s|%3s|%3s|          
          |S44|S45|S46|S47|S0 |S1 |S2 |S3 |S4 |S5 |S6 |S7 |S8 |S9 |S10|S11|S12|S13|S14|S15|S16|          
----------------------------|-----------------------------------------------|--------------------------------
|         |                 |                                               |                 |         |
| %3s  S43|                 |                                               |                 |S17 %3s  |
|         |           |F0P0|F1P0|F2P0|F3P0|                   |F3P1|F2P1|F1P1|F0P1|           |         |
|----------           |%3s |%3s |%3s |%3s |                   |%3s |%3s |%3s |%3s |           ----------|
|         |                                                                                   |         |
| %3s  S42|                                                                                   |S18 %3s  |
|         |                                                                                   |         |
|----------           |%3s |%3s |%3s |%3s |                   |%3s |%3s |%3s |%3s |           ----------|
|         |           |F0P3|F0P3|F0P3|F0P3|                   |F3P2|F2P2|F1P2|F0P2|           |         |
| %3s  S41|                 |                                               |                 |S19 %3s  |
|         |                 |                                               |                 |         |
----------------------------|-----------------------------------------------|----------------------------
          |S40|S39|S38|S37|S36|S35|S34|S33|S32|S31|S30|S29|S28|S27|S26|S25|S24|S23|S22|S21|S20|          
          |%3s|%3s|%3s|%3s|%3s|%3s|%3s|%3s|%3s|%3s|%3s|%3s|%3s|%3s|%3s|%3s|%3s|%3s|%3s|%3s|%3s|          
          ------------------|-----------------------------------------------|------------------          
                            |                                               |                            
   | H3P3 | H2P3 | H1P3 | H0P3 |                                         | H0P2 | H1P2 | H2P2 | H3P2 |   
   | %3s  | %3s  | %3s  | %3s  |                                         | %3s  | %3s  | %3s  | %3s  |   

,[Ljava.lang.Object;@1a245833

INFO main de.htwg.dog.View.Tui.Tui - Player: Player 0

INFO main de.htwg.dog.View.Tui.Tui - Karten: [CLUB_6, HEART_10, HEART_5, SPADE_3, SPADE_5, SPADE_7]

INFO main de.htwg.dog.View.Tui.Tui - Neues Spiel gestartet.


INFO main de.htwg.dog.View.Tui.Tui - Wählen Sie, getrennt mit einem Komma, eine Karte, ein Startfeld und ein Zielfeld (Bsp. "SPADE_4,S1,S5"), 
Karten verwerfen = "v", Neues Spiel = "neu", Spiel beenden = "exit": 
INFO main de.htwg.dog.View.Tui.Tui - 

   | %3s  | %3s  | %3s  | %3s  |                                         | %3s  | %3s  | %3s  | %3s  |   
   | H3P0 | H2P0 | H1P0 | H0P0 |                                         | H0P1 | H1P1 | H2P1 | H3P1 |   
                            |                                               |                            
          ------------------|-----------------------------------------------|------------------          
          |%3s|%3s|%3s|%3s|%3s|%3s|%3s|%3s|%3s|%3s|%3s|%3s|%3s|%3s|%3s|%3s|%3s|%3s|%3s|%3s|%3s|          
          |S44|S45|S46|S47|S0 |S1 |S2 |S3 |S4 |S5 |S6 |S7 |S8 |S9 |S10|S11|S12|S13|S14|S15|S16|          
----------------------------|-----------------------------------------------|--------------------------------
|         |                 |                                               |                 |         |
| %3s  S43|                 |                                               |                 |S17 %3s  |
|         |           |F0P0|F1P0|F2P0|F3P0|                   |F3P1|F2P1|F1P1|F0P1|           |         |
|----------           |%3s |%3s |%3s |%3s |                   |%3s |%3s |%3s |%3s |           ----------|
|         |                                                                                   |         |
| %3s  S42|                                                                                   |S18 %3s  |
|         |                                                                                   |         |
|----------           |%3s |%3s |%3s |%3s |                   |%3s |%3s |%3s |%3s |           ----------|
|         |           |F0P3|F0P3|F0P3|F0P3|                   |F3P2|F2P2|F1P2|F0P2|           |         |
| %3s  S41|                 |                                               |                 |S19 %3s  |
|         |                 |                                               |                 |         |
----------------------------|-----------------------------------------------|----------------------------
          |S40|S39|S38|S37|S36|S35|S34|S33|S32|S31|S30|S29|S28|S27|S26|S25|S24|S23|S22|S21|S20|          
          |%3s|%3s|%3s|%3s|%3s|%3s|%3s|%3s|%3s|%3s|%3s|%3s|%3s|%3s|%3s|%3s|%3s|%3s|%3s|%3s|%3s|          
          ------------------|-----------------------------------------------|------------------          
                            |                                               |                            
   | H3P3 | H2P3 | H1P3 | H0P3 |                                         | H0P2 | H1P2 | H2P2 | H3P2 |   
   | %3s  | %3s  | %3s  | %3s  |                                         | %3s  | %3s  | %3s  | %3s  |   

,[Ljava.lang.Object;@5340477f

INFO main de.htwg.dog.View.Tui.Tui - Player: Player 1

INFO main de.htwg.dog.View.Tui.Tui - Karten: [CLUB_4, CLUB_7, CLUB_JOKER, CLUB_K, DIAMOND_3, SPADE_9]

INFO main de.htwg.dog.View.Tui.Tui - Player 0 hat die Karten verworfen.


INFO main de.htwg.dog.View.Tui.Tui - Wählen Sie, getrennt mit einem Komma, eine Karte, ein Startfeld und ein Zielfeld (Bsp. "SPADE_4,S1,S5"), 
Karten verwerfen = "v", Neues Spiel = "neu", Spiel beenden = "exit": 
INFO main de.htwg.dog.View.Tui.Tui - 

   | %3s  | %3s  | %3s  | %3s  |                                         | %3s  | %3s  | %3s  | %3s  |   
   | H3P0 | H2P0 | H1P0 | H0P0 |                                         | H0P1 | H1P1 | H2P1 | H3P1 |   
                            |                                               |                            
          ------------------|-----------------------------------------------|------------------          
          |%3s|%3s|%3s|%3s|%3s|%3s|%3s|%3s|%3s|%3s|%3s|%3s|%3s|%3s|%3s|%3s|%3s|%3s|%3s|%3s|%3s|          
          |S44|S45|S46|S47|S0 |S1 |S2 |S3 |S4 |S5 |S6 |S7 |S8 |S9 |S10|S11|S12|S13|S14|S15|S16|          
----------------------------|-----------------------------------------------|--------------------------------
|         |                 |                                               |                 |         |
| %3s  S43|                 |                                               |                 |S17 %3s  |
|         |           |F0P0|F1P0|F2P0|F3P0|                   |F3P1|F2P1|F1P1|F0P1|           |         |
|----------           |%3s |%3s |%3s |%3s |                   |%3s |%3s |%3s |%3s |           ----------|
|         |                                                                                   |         |
| %3s  S42|                                                                                   |S18 %3s  |
|         |                                                                                   |         |
|----------           |%3s |%3s |%3s |%3s |                   |%3s |%3s |%3s |%3s |           ----------|
|         |           |F0P3|F0P3|F0P3|F0P3|                   |F3P2|F2P2|F1P2|F0P2|           |         |
| %3s  S41|                 |                                               |                 |S19 %3s  |
|         |                 |                                               |                 |         |
----------------------------|-----------------------------------------------|----------------------------
          |S40|S39|S38|S37|S36|S35|S34|S33|S32|S31|S30|S29|S28|S27|S26|S25|S24|S23|S22|S21|S20|          
          |%3s|%3s|%3s|%3s|%3s|%3s|%3s|%3s|%3s|%3s|%3s|%3s|%3s|%3s|%3s|%3s|%3s|%3s|%3s|%3s|%3s|          
          ------------------|-----------------------------------------------|------------------          
                            |                                               |                            
   | H3P3 | H2P3 | H1P3 | H0P3 |                                         | H0P2 | H1P2 | H2P2 | H3P2 |   
   | %3s  | %3s  | %3s  | %3s  |                                         | %3s  | %3s  | %3s  | %3s  |   

,[Ljava.lang.Object;@47caedad

INFO main de.htwg.dog.View.Tui.Tui - Player: Player 2

INFO main de.htwg.dog.View.Tui.Tui - Karten: [CLUB_9, CLUB_J, DIAMOND_4, DIAMOND_7, HEART_2, HEART_K]

INFO main de.htwg.dog.View.Tui.Tui - Player 1 hat die Karten verworfen.


INFO main de.htwg.dog.View.Tui.Tui - Wählen Sie, getrennt mit einem Komma, eine Karte, ein Startfeld und ein Zielfeld (Bsp. "SPADE_4,S1,S5"), 
Karten verwerfen = "v", Neues Spiel = "neu", Spiel beenden = "exit": 
